<?xml version="1.0" encoding="UTF-8"?>
<!-- Generated by org.testng.reporters.JUnitReportReporter -->
<testsuite hostname="DESKTOP-J81GBTP" failures="0" tests="1" name="bootcamp2testng.EditAccount" time="36.836" errors="0" timestamp="2024-06-30T16:36:09 IST" skipped="0">
  <testcase classname="bootcamp2testng.EditAccount" name="updateAccount" time="36.836"/>
  <system-out/>
</testsuite> <!-- bootcamp2testng.EditAccount -->
