<?xml version="1.0" encoding="UTF-8"?>
<!-- Generated by org.testng.reporters.JUnitReportReporter -->
<testsuite hostname="DESKTOP-J81GBTP" failures="0" tests="2" name="testng.AccountsFunctionality" time="31.291" errors="0" timestamp="2024-06-22T18:28:56 IST" skipped="1">
  <testcase classname="testng.AccountsFunctionality" name="EditAccount" time="31.291"/>
  <system-out/>
  <testcase classname="testng.AccountsFunctionality" name="CreateAccount">
    <skipped/>
  </testcase> <!-- CreateAccount -->
  <system-out/>
</testsuite> <!-- testng.AccountsFunctionality -->
