<?xml version="1.0" encoding="UTF-8"?>
<!-- Generated by org.testng.reporters.JUnitReportReporter -->
<testsuite hostname="DESKTOP-J81GBTP" failures="0" tests="1" name="bootcamp2testng.CreateAccount" time="76.262" errors="0" timestamp="2024-06-30T12:16:58 IST" skipped="0">
  <testcase classname="bootcamp2testng.CreateAccount" name="addAccount" time="76.262"/>
  <system-out/>
</testsuite> <!-- bootcamp2testng.CreateAccount -->
